# JRE version: OpenJDK Runtime Environment (8.0_242-b01) (build 1.8.0_242-release-1644-b01)
# Java VM: OpenJDK 64-Bit Server VM (25.242-b01 mixed mode windows-amd64 compressed oops)
Heap:
 PSYoungGen      total 138752K, used 106911K [0x00000000d5580000, 0x00000000de680000, 0x0000000100000000)
  eden space 129024K, 75% used [0x00000000d5580000,0x00000000db46f790,0x00000000dd380000)
  from space 9728K, 99% used [0x00000000dd380000,0x00000000ddcf85b8,0x00000000ddd00000)
  to   space 9728K, 0% used [0x00000000ddd00000,0x00000000ddd00000,0x00000000de680000)
 ParOldGen       total 29696K, used 19325K [0x0000000080000000, 0x0000000081d00000, 0x00000000d5580000)
  object space 29696K, 65% used [0x0000000080000000,0x00000000812df618,0x0000000081d00000)
 Metaspace       used 50662K, capacity 52556K, committed 52904K, reserved 1095680K
  class space    used 6789K, capacity 7240K, committed 7336K, reserved 1048576K
GC Heap History (10 events):
Event: 3.554 GC heap before
{Heap before GC invocations=9 (full 1):
 PSYoungGen      total 138752K, used 4080K [0x00000000d5580000, 0x00000000de680000, 0x0000000100000000)
  eden space 129024K, 0% used [0x00000000d5580000,0x00000000d5580000,0x00000000dd380000)
  from space 9728K, 41% used [0x00000000ddd00000,0x00000000de0fc040,0x00000000de680000)
  to   space 9728K, 0% used [0x00000000dd380000,0x00000000dd380000,0x00000000ddd00000)
 ParOldGen       total 44032K, used 8878K [0x0000000080000000, 0x0000000082b00000, 0x00000000d5580000)
  object space 44032K, 20% used [0x0000000080000000,0x00000000808aba60,0x0000000082b00000)
 Metaspace       used 20552K, capacity 21218K, committed 21296K, reserved 1067008K
  class space    used 2886K, capacity 3093K, committed 3120K, reserved 1048576K
Event: 3.595 GC heap after
Heap after GC invocations=9 (full 1):
 PSYoungGen      total 138752K, used 0K [0x00000000d5580000, 0x00000000de680000, 0x0000000100000000)
  eden space 129024K, 0% used [0x00000000d5580000,0x00000000d5580000,0x00000000dd380000)
  from space 9728K, 0% used [0x00000000ddd00000,0x00000000ddd00000,0x00000000de680000)
  to   space 9728K, 0% used [0x00000000dd380000,0x00000000dd380000,0x00000000ddd00000)
 ParOldGen       total 29696K, used 7205K [0x0000000080000000, 0x0000000081d00000, 0x00000000d5580000)
  object space 29696K, 24% used [0x0000000080000000,0x00000000807094d8,0x0000000081d00000)
 Metaspace       used 20552K, capacity 21218K, committed 21296K, reserved 1067008K
  class space    used 2886K, capacity 3093K, committed 3120K, reserved 1048576K
}
Event: 5.357 GC heap before
{Heap before GC invocations=10 (full 1):
 PSYoungGen      total 138752K, used 129024K [0x00000000d5580000, 0x00000000de680000, 0x0000000100000000)
  eden space 129024K, 100% used [0x00000000d5580000,0x00000000dd380000,0x00000000dd380000)
  from space 9728K, 0% used [0x00000000ddd00000,0x00000000ddd00000,0x00000000de680000)
  to   space 9728K, 0% used [0x00000000dd380000,0x00000000dd380000,0x00000000ddd00000)
 ParOldGen       total 29696K, used 7205K [0x0000000080000000, 0x0000000081d00000, 0x00000000d5580000)
  object space 29696K, 24% used [0x0000000080000000,0x00000000807094d8,0x0000000081d00000)
 Metaspace       used 32091K, capacity 32986K, committed 33072K, reserved 1077248K
  class space    used 4346K, capacity 4622K, committed 4656K, reserved 1048576K
Event: 5.386 GC heap after
Heap after GC invocations=10 (full 1):
 PSYoungGen      total 138752K, used 9725K [0x00000000d5580000, 0x00000000de680000, 0x0000000100000000)
  eden space 129024K, 0% used [0x00000000d5580000,0x00000000d5580000,0x00000000dd380000)
  from space 9728K, 99% used [0x00000000dd380000,0x00000000ddcff5b8,0x00000000ddd00000)
  to   space 9728K, 0% used [0x00000000ddd00000,0x00000000ddd00000,0x00000000de680000)
 ParOldGen       total 29696K, used 10272K [0x0000000080000000, 0x0000000081d00000, 0x00000000d5580000)
  object space 29696K, 34% used [0x0000000080000000,0x0000000080a08300,0x0000000081d00000)
 Metaspace       used 32091K, capacity 32986K, committed 33072K, reserved 1077248K
  class space    used 4346K, capacity 4622K, committed 4656K, reserved 1048576K
}
Event: 6.318 GC heap before
{Heap before GC invocations=11 (full 1):
 PSYoungGen      total 138752K, used 56180K [0x00000000d5580000, 0x00000000de680000, 0x0000000100000000)
  eden space 129024K, 36% used [0x00000000d5580000,0x00000000d82ddaa0,0x00000000dd380000)
  from space 9728K, 99% used [0x00000000dd380000,0x00000000ddcff5b8,0x00000000ddd00000)
  to   space 9728K, 0% used [0x00000000ddd00000,0x00000000ddd00000,0x00000000de680000)
 ParOldGen       total 29696K, used 10272K [0x0000000080000000, 0x0000000081d00000, 0x00000000d5580000)
  object space 29696K, 34% used [0x0000000080000000,0x0000000080a08300,0x0000000081d00000)
 Metaspace       used 34426K, capacity 35386K, committed 35496K, reserved 1079296K
  class space    used 4683K, capacity 4942K, committed 5032K, reserved 1048576K
Event: 6.335 GC heap after
Heap after GC invocations=11 (full 1):
 PSYoungGen      total 138752K, used 9698K [0x00000000d5580000, 0x00000000de680000, 0x0000000100000000)
  eden space 129024K, 0% used [0x00000000d5580000,0x00000000d5580000,0x00000000dd380000)
  from space 9728K, 99% used [0x00000000ddd00000,0x00000000de678928,0x00000000de680000)
  to   space 9728K, 0% used [0x00000000dd380000,0x00000000dd380000,0x00000000ddd00000)
 ParOldGen       total 29696K, used 10341K [0x0000000080000000, 0x0000000081d00000, 0x00000000d5580000)
  object space 29696K, 34% used [0x0000000080000000,0x0000000080a19448,0x0000000081d00000)
 Metaspace       used 34426K, capacity 35386K, committed 35496K, reserved 1079296K
  class space    used 4683K, capacity 4942K, committed 5032K, reserved 1048576K
}
Event: 6.335 GC heap before
{Heap before GC invocations=12 (full 2):
 PSYoungGen      total 138752K, used 9698K [0x00000000d5580000, 0x00000000de680000, 0x0000000100000000)
  eden space 129024K, 0% used [0x00000000d5580000,0x00000000d5580000,0x00000000dd380000)
  from space 9728K, 99% used [0x00000000ddd00000,0x00000000de678928,0x00000000de680000)
  to   space 9728K, 0% used [0x00000000dd380000,0x00000000dd380000,0x00000000ddd00000)
 ParOldGen       total 29696K, used 10341K [0x0000000080000000, 0x0000000081d00000, 0x00000000d5580000)
  object space 29696K, 34% used [0x0000000080000000,0x0000000080a19448,0x0000000081d00000)
 Metaspace       used 34426K, capacity 35386K, committed 35496K, reserved 1079296K
  class space    used 4683K, capacity 4942K, committed 5032K, reserved 1048576K
Event: 6.421 GC heap after
Heap after GC invocations=12 (full 2):
 PSYoungGen      total 138752K, used 0K [0x00000000d5580000, 0x00000000de680000, 0x0000000100000000)
  eden space 129024K, 0% used [0x00000000d5580000,0x00000000d5580000,0x00000000dd380000)
  from space 9728K, 0% used [0x00000000ddd00000,0x00000000ddd00000,0x00000000de680000)
  to   space 9728K, 0% used [0x00000000dd380000,0x00000000dd380000,0x00000000ddd00000)
 ParOldGen       total 29696K, used 16724K [0x0000000080000000, 0x0000000081d00000, 0x00000000d5580000)
  object space 29696K, 56% used [0x0000000080000000,0x0000000081055338,0x0000000081d00000)
 Metaspace       used 34426K, capacity 35386K, committed 35496K, reserved 1079296K
  class space    used 4683K, capacity 4942K, committed 5032K, reserved 1048576K
}
Event: 11.733 GC heap before
{Heap before GC invocations=13 (full 2):
 PSYoungGen      total 138752K, used 129024K [0x00000000d5580000, 0x00000000de680000, 0x0000000100000000)
  eden space 129024K, 100% used [0x00000000d5580000,0x00000000dd380000,0x00000000dd380000)
  from space 9728K, 0% used [0x00000000ddd00000,0x00000000ddd00000,0x00000000de680000)
  to   space 9728K, 0% used [0x00000000dd380000,0x00000000dd380000,0x00000000ddd00000)
 ParOldGen       total 29696K, used 16724K [0x0000000080000000, 0x0000000081d00000, 0x00000000d5580000)
  object space 29696K, 56% used [0x0000000080000000,0x0000000081055338,0x0000000081d00000)
 Metaspace       used 43860K, capacity 45536K, committed 45864K, reserved 1089536K
  class space    used 5939K, capacity 6349K, committed 6440K, reserved 1048576K
Event: 11.765 GC heap after
Heap after GC invocations=13 (full 2):
 PSYoungGen      total 138752K, used 9697K [0x00000000d5580000, 0x00000000de680000, 0x0000000100000000)
  eden space 129024K, 0% used [0x00000000d5580000,0x00000000d5580000,0x00000000dd380000)
  from space 9728K, 99% used [0x00000000dd380000,0x00000000ddcf85b8,0x00000000ddd00000)
  to   space 9728K, 0% used [0x00000000ddd00000,0x00000000ddd00000,0x00000000de680000)
 ParOldGen       total 29696K, used 19325K [0x0000000080000000, 0x0000000081d00000, 0x00000000d5580000)
  object space 29696K, 65% used [0x0000000080000000,0x00000000812df618,0x0000000081d00000)
 Metaspace       used 43860K, capacity 45536K, committed 45864K, reserved 1089536K
  class space    used 5939K, capacity 6349K, committed 6440K, reserved 1048576K
}

