# JRE version: OpenJDK Runtime Environment (8.0_242-b01) (build 1.8.0_242-release-1644-b01)
# Java VM: OpenJDK 64-Bit Server VM (25.242-b01 mixed mode windows-amd64 compressed oops)
Heap:
 PSYoungGen      total 198144K, used 69218K [0x00000000d5580000, 0x00000000e2500000, 0x0000000100000000)
  eden space 184832K, 30% used [0x00000000d5580000,0x00000000d8c18968,0x00000000e0a00000)
  from space 13312K, 99% used [0x00000000e0a00000,0x00000000e16ffea0,0x00000000e1700000)
  to   space 12288K, 0% used [0x00000000e1700000,0x00000000e1700000,0x00000000e2300000)
 ParOldGen       total 31744K, used 23648K [0x0000000080000000, 0x0000000081f00000, 0x00000000d5580000)
  object space 31744K, 74% used [0x0000000080000000,0x00000000817182d0,0x0000000081f00000)
 Metaspace       used 51571K, capacity 53502K, committed 53800K, reserved 1095680K
  class space    used 6930K, capacity 7395K, committed 7464K, reserved 1048576K
GC Heap History (10 events):
Event: 5.171 GC heap before
{Heap before GC invocations=9 (full 1):
 PSYoungGen      total 138752K, used 4016K [0x00000000d5580000, 0x00000000de680000, 0x0000000100000000)
  eden space 129024K, 0% used [0x00000000d5580000,0x00000000d5580000,0x00000000dd380000)
  from space 9728K, 41% used [0x00000000ddd00000,0x00000000de0ec040,0x00000000de680000)
  to   space 9728K, 0% used [0x00000000dd380000,0x00000000dd380000,0x00000000ddd00000)
 ParOldGen       total 44032K, used 8733K [0x0000000080000000, 0x0000000082b00000, 0x00000000d5580000)
  object space 44032K, 19% used [0x0000000080000000,0x00000000808874a8,0x0000000082b00000)
 Metaspace       used 20538K, capacity 21214K, committed 21296K, reserved 1067008K
  class space    used 2884K, capacity 3093K, committed 3120K, reserved 1048576K
Event: 5.220 GC heap after
Heap after GC invocations=9 (full 1):
 PSYoungGen      total 138752K, used 0K [0x00000000d5580000, 0x00000000de680000, 0x0000000100000000)
  eden space 129024K, 0% used [0x00000000d5580000,0x00000000d5580000,0x00000000dd380000)
  from space 9728K, 0% used [0x00000000ddd00000,0x00000000ddd00000,0x00000000de680000)
  to   space 9728K, 0% used [0x00000000dd380000,0x00000000dd380000,0x00000000ddd00000)
 ParOldGen       total 31744K, used 7209K [0x0000000080000000, 0x0000000081f00000, 0x00000000d5580000)
  object space 31744K, 22% used [0x0000000080000000,0x000000008070a508,0x0000000081f00000)
 Metaspace       used 20538K, capacity 21214K, committed 21296K, reserved 1067008K
  class space    used 2884K, capacity 3093K, committed 3120K, reserved 1048576K
}
Event: 7.861 GC heap before
{Heap before GC invocations=10 (full 1):
 PSYoungGen      total 138752K, used 129024K [0x00000000d5580000, 0x00000000de680000, 0x0000000100000000)
  eden space 129024K, 100% used [0x00000000d5580000,0x00000000dd380000,0x00000000dd380000)
  from space 9728K, 0% used [0x00000000ddd00000,0x00000000ddd00000,0x00000000de680000)
  to   space 9728K, 0% used [0x00000000dd380000,0x00000000dd380000,0x00000000ddd00000)
 ParOldGen       total 31744K, used 7209K [0x0000000080000000, 0x0000000081f00000, 0x00000000d5580000)
  object space 31744K, 22% used [0x0000000080000000,0x000000008070a508,0x0000000081f00000)
 Metaspace       used 32076K, capacity 32954K, committed 33072K, reserved 1077248K
  class space    used 4332K, capacity 4590K, committed 4656K, reserved 1048576K
Event: 7.889 GC heap after
Heap after GC invocations=10 (full 1):
 PSYoungGen      total 138752K, used 9718K [0x00000000d5580000, 0x00000000e2300000, 0x0000000100000000)
  eden space 129024K, 0% used [0x00000000d5580000,0x00000000d5580000,0x00000000dd380000)
  from space 9728K, 99% used [0x00000000dd380000,0x00000000ddcfd8a8,0x00000000ddd00000)
  to   space 12288K, 0% used [0x00000000e1700000,0x00000000e1700000,0x00000000e2300000)
 ParOldGen       total 31744K, used 10229K [0x0000000080000000, 0x0000000081f00000, 0x00000000d5580000)
  object space 31744K, 32% used [0x0000000080000000,0x00000000809fd530,0x0000000081f00000)
 Metaspace       used 32076K, capacity 32954K, committed 33072K, reserved 1077248K
  class space    used 4332K, capacity 4590K, committed 4656K, reserved 1048576K
}
Event: 8.603 GC heap before
{Heap before GC invocations=11 (full 1):
 PSYoungGen      total 138752K, used 56038K [0x00000000d5580000, 0x00000000e2300000, 0x0000000100000000)
  eden space 129024K, 35% used [0x00000000d5580000,0x00000000d82bc088,0x00000000dd380000)
  from space 9728K, 99% used [0x00000000dd380000,0x00000000ddcfd8a8,0x00000000ddd00000)
  to   space 12288K, 0% used [0x00000000e1700000,0x00000000e1700000,0x00000000e2300000)
 ParOldGen       total 31744K, used 10229K [0x0000000080000000, 0x0000000081f00000, 0x00000000d5580000)
  object space 31744K, 32% used [0x0000000080000000,0x00000000809fd530,0x0000000081f00000)
 Metaspace       used 34433K, capacity 35386K, committed 35496K, reserved 1079296K
  class space    used 4677K, capacity 4942K, committed 5032K, reserved 1048576K
Event: 8.622 GC heap after
Heap after GC invocations=11 (full 1):
 PSYoungGen      total 197120K, used 9821K [0x00000000d5580000, 0x00000000e2500000, 0x0000000100000000)
  eden space 184832K, 0% used [0x00000000d5580000,0x00000000d5580000,0x00000000e0a00000)
  from space 12288K, 79% used [0x00000000e1700000,0x00000000e2097758,0x00000000e2300000)
  to   space 13312K, 0% used [0x00000000e0a00000,0x00000000e0a00000,0x00000000e1700000)
 ParOldGen       total 31744K, used 10237K [0x0000000080000000, 0x0000000081f00000, 0x00000000d5580000)
  object space 31744K, 32% used [0x0000000080000000,0x00000000809ff530,0x0000000081f00000)
 Metaspace       used 34433K, capacity 35386K, committed 35496K, reserved 1079296K
  class space    used 4677K, capacity 4942K, committed 5032K, reserved 1048576K
}
Event: 8.622 GC heap before
{Heap before GC invocations=12 (full 2):
 PSYoungGen      total 197120K, used 9821K [0x00000000d5580000, 0x00000000e2500000, 0x0000000100000000)
  eden space 184832K, 0% used [0x00000000d5580000,0x00000000d5580000,0x00000000e0a00000)
  from space 12288K, 79% used [0x00000000e1700000,0x00000000e2097758,0x00000000e2300000)
  to   space 13312K, 0% used [0x00000000e0a00000,0x00000000e0a00000,0x00000000e1700000)
 ParOldGen       total 31744K, used 10237K [0x0000000080000000, 0x0000000081f00000, 0x00000000d5580000)
  object space 31744K, 32% used [0x0000000080000000,0x00000000809ff530,0x0000000081f00000)
 Metaspace       used 34433K, capacity 35386K, committed 35496K, reserved 1079296K
  class space    used 4677K, capacity 4942K, committed 5032K, reserved 1048576K
Event: 8.700 GC heap after
Heap after GC invocations=12 (full 2):
 PSYoungGen      total 197120K, used 0K [0x00000000d5580000, 0x00000000e2500000, 0x0000000100000000)
  eden space 184832K, 0% used [0x00000000d5580000,0x00000000d5580000,0x00000000e0a00000)
  from space 12288K, 0% used [0x00000000e1700000,0x00000000e1700000,0x00000000e2300000)
  to   space 13312K, 0% used [0x00000000e0a00000,0x00000000e0a00000,0x00000000e1700000)
 ParOldGen       total 31744K, used 16759K [0x0000000080000000, 0x0000000081f00000, 0x00000000d5580000)
  object space 31744K, 52% used [0x0000000080000000,0x000000008105dfd8,0x0000000081f00000)
 Metaspace       used 34433K, capacity 35386K, committed 35496K, reserved 1079296K
  class space    used 4677K, capacity 4942K, committed 5032K, reserved 1048576K
}
Event: 12.078 GC heap before
{Heap before GC invocations=13 (full 2):
 PSYoungGen      total 197120K, used 184832K [0x00000000d5580000, 0x00000000e2500000, 0x0000000100000000)
  eden space 184832K, 100% used [0x00000000d5580000,0x00000000e0a00000,0x00000000e0a00000)
  from space 12288K, 0% used [0x00000000e1700000,0x00000000e1700000,0x00000000e2300000)
  to   space 13312K, 0% used [0x00000000e0a00000,0x00000000e0a00000,0x00000000e1700000)
 ParOldGen       total 31744K, used 16759K [0x0000000080000000, 0x0000000081f00000, 0x00000000d5580000)
  object space 31744K, 52% used [0x0000000080000000,0x000000008105dfd8,0x0000000081f00000)
 Metaspace       used 47998K, capacity 49674K, committed 49960K, reserved 1091584K
  class space    used 6468K, capacity 6842K, committed 6952K, reserved 1048576K
Event: 12.108 GC heap after
Heap after GC invocations=13 (full 2):
 PSYoungGen      total 198144K, used 13311K [0x00000000d5580000, 0x00000000e2500000, 0x0000000100000000)
  eden space 184832K, 0% used [0x00000000d5580000,0x00000000d5580000,0x00000000e0a00000)
  from space 13312K, 99% used [0x00000000e0a00000,0x00000000e16ffea0,0x00000000e1700000)
  to   space 12288K, 0% used [0x00000000e1700000,0x00000000e1700000,0x00000000e2300000)
 ParOldGen       total 31744K, used 23648K [0x0000000080000000, 0x0000000081f00000, 0x00000000d5580000)
  object space 31744K, 74% used [0x0000000080000000,0x00000000817182d0,0x0000000081f00000)
 Metaspace       used 47998K, capacity 49674K, committed 49960K, reserved 1091584K
  class space    used 6468K, capacity 6842K, committed 6952K, reserved 1048576K
}

