# JRE version: OpenJDK Runtime Environment (8.0_242-b01) (build 1.8.0_242-release-1644-b01)
# Java VM: OpenJDK 64-Bit Server VM (25.242-b01 mixed mode windows-amd64 compressed oops)
Heap:
 PSYoungGen      total 157184K, used 13780K [0x00000000d5580000, 0x00000000e0600000, 0x0000000100000000)
  eden space 146432K, 2% used [0x00000000d5580000,0x00000000d5878fb0,0x00000000de480000)
  from space 10752K, 99% used [0x00000000df380000,0x00000000dfdfc110,0x00000000dfe00000)
  to   space 15360K, 0% used [0x00000000de480000,0x00000000de480000,0x00000000df380000)
 ParOldGen       total 55296K, used 26269K [0x0000000080000000, 0x0000000083600000, 0x00000000d5580000)
  object space 55296K, 47% used [0x0000000080000000,0x00000000819a74e8,0x0000000083600000)
 Metaspace       used 51695K, capacity 53604K, committed 53800K, reserved 1095680K
  class space    used 6939K, capacity 7364K, committed 7464K, reserved 1048576K
GC Heap History (10 events):
Event: 7.446 GC heap before
{Heap before GC invocations=12 (full 1):
 PSYoungGen      total 92672K, used 92671K [0x00000000d5580000, 0x00000000dc600000, 0x0000000100000000)
  eden space 85504K, 100% used [0x00000000d5580000,0x00000000da900000,0x00000000da900000)
  from space 7168K, 99% used [0x00000000dbf00000,0x00000000dc5ffde0,0x00000000dc600000)
  to   space 8192K, 0% used [0x00000000db600000,0x00000000db600000,0x00000000dbe00000)
 ParOldGen       total 34304K, used 9827K [0x0000000080000000, 0x0000000082180000, 0x00000000d5580000)
  object space 34304K, 28% used [0x0000000080000000,0x0000000080998ed0,0x0000000082180000)
 Metaspace       used 33209K, capacity 34196K, committed 34480K, reserved 1079296K
  class space    used 4479K, capacity 4742K, committed 4784K, reserved 1048576K
Event: 7.469 GC heap after
Heap after GC invocations=12 (full 1):
 PSYoungGen      total 107008K, used 7241K [0x00000000d5580000, 0x00000000dd900000, 0x0000000100000000)
  eden space 98816K, 0% used [0x00000000d5580000,0x00000000d5580000,0x00000000db600000)
  from space 8192K, 88% used [0x00000000db600000,0x00000000dbd12588,0x00000000dbe00000)
  to   space 8704K, 0% used [0x00000000dd080000,0x00000000dd080000,0x00000000dd900000)
 ParOldGen       total 34304K, used 12743K [0x0000000080000000, 0x0000000082180000, 0x00000000d5580000)
  object space 34304K, 37% used [0x0000000080000000,0x0000000080c71ee8,0x0000000082180000)
 Metaspace       used 33209K, capacity 34196K, committed 34480K, reserved 1079296K
  class space    used 4479K, capacity 4742K, committed 4784K, reserved 1048576K
}
Event: 7.855 GC heap before
{Heap before GC invocations=13 (full 1):
 PSYoungGen      total 107008K, used 30635K [0x00000000d5580000, 0x00000000dd900000, 0x0000000100000000)
  eden space 98816K, 23% used [0x00000000d5580000,0x00000000d6c586f8,0x00000000db600000)
  from space 8192K, 88% used [0x00000000db600000,0x00000000dbd12588,0x00000000dbe00000)
  to   space 8704K, 0% used [0x00000000dd080000,0x00000000dd080000,0x00000000dd900000)
 ParOldGen       total 34304K, used 12743K [0x0000000080000000, 0x0000000082180000, 0x00000000d5580000)
  object space 34304K, 37% used [0x0000000080000000,0x0000000080c71ee8,0x0000000082180000)
 Metaspace       used 34440K, capacity 35386K, committed 35496K, reserved 1079296K
  class space    used 4684K, capacity 4942K, committed 5032K, reserved 1048576K
Event: 7.870 GC heap after
Heap after GC invocations=13 (full 1):
 PSYoungGen      total 125952K, used 2569K [0x00000000d5580000, 0x00000000dee80000, 0x0000000100000000)
  eden space 117248K, 0% used [0x00000000d5580000,0x00000000d5580000,0x00000000dc800000)
  from space 8704K, 29% used [0x00000000dd080000,0x00000000dd3024e0,0x00000000dd900000)
  to   space 8704K, 0% used [0x00000000dc800000,0x00000000dc800000,0x00000000dd080000)
 ParOldGen       total 34304K, used 16443K [0x0000000080000000, 0x0000000082180000, 0x00000000d5580000)
  object space 34304K, 47% used [0x0000000080000000,0x000000008100ee58,0x0000000082180000)
 Metaspace       used 34440K, capacity 35386K, committed 35496K, reserved 1079296K
  class space    used 4684K, capacity 4942K, committed 5032K, reserved 1048576K
}
Event: 7.871 GC heap before
{Heap before GC invocations=14 (full 2):
 PSYoungGen      total 125952K, used 2569K [0x00000000d5580000, 0x00000000dee80000, 0x0000000100000000)
  eden space 117248K, 0% used [0x00000000d5580000,0x00000000d5580000,0x00000000dc800000)
  from space 8704K, 29% used [0x00000000dd080000,0x00000000dd3024e0,0x00000000dd900000)
  to   space 8704K, 0% used [0x00000000dc800000,0x00000000dc800000,0x00000000dd080000)
 ParOldGen       total 34304K, used 16443K [0x0000000080000000, 0x0000000082180000, 0x00000000d5580000)
  object space 34304K, 47% used [0x0000000080000000,0x000000008100ee58,0x0000000082180000)
 Metaspace       used 34440K, capacity 35386K, committed 35496K, reserved 1079296K
  class space    used 4684K, capacity 4942K, committed 5032K, reserved 1048576K
Event: 7.965 GC heap after
Heap after GC invocations=14 (full 2):
 PSYoungGen      total 125952K, used 0K [0x00000000d5580000, 0x00000000dee80000, 0x0000000100000000)
  eden space 117248K, 0% used [0x00000000d5580000,0x00000000d5580000,0x00000000dc800000)
  from space 8704K, 0% used [0x00000000dd080000,0x00000000dd080000,0x00000000dd900000)
  to   space 8704K, 0% used [0x00000000dc800000,0x00000000dc800000,0x00000000dd080000)
 ParOldGen       total 55296K, used 16077K [0x0000000080000000, 0x0000000083600000, 0x00000000d5580000)
  object space 55296K, 29% used [0x0000000080000000,0x0000000080fb3608,0x0000000083600000)
 Metaspace       used 34440K, capacity 35386K, committed 35496K, reserved 1079296K
  class space    used 4684K, capacity 4942K, committed 5032K, reserved 1048576K
}
Event: 9.963 GC heap before
{Heap before GC invocations=15 (full 2):
 PSYoungGen      total 125952K, used 117248K [0x00000000d5580000, 0x00000000dee80000, 0x0000000100000000)
  eden space 117248K, 100% used [0x00000000d5580000,0x00000000dc800000,0x00000000dc800000)
  from space 8704K, 0% used [0x00000000dd080000,0x00000000dd080000,0x00000000dd900000)
  to   space 8704K, 0% used [0x00000000dc800000,0x00000000dc800000,0x00000000dd080000)
 ParOldGen       total 55296K, used 16077K [0x0000000080000000, 0x0000000083600000, 0x00000000d5580000)
  object space 55296K, 29% used [0x0000000080000000,0x0000000080fb3608,0x0000000083600000)
 Metaspace       used 42969K, capacity 44580K, committed 44968K, reserved 1087488K
  class space    used 5819K, capacity 6215K, committed 6312K, reserved 1048576K
Event: 10.001 GC heap after
Heap after GC invocations=15 (full 2):
 PSYoungGen      total 125952K, used 8676K [0x00000000d5580000, 0x00000000dfe00000, 0x0000000100000000)
  eden space 117248K, 0% used [0x00000000d5580000,0x00000000d5580000,0x00000000dc800000)
  from space 8704K, 99% used [0x00000000dc800000,0x00000000dd079170,0x00000000dd080000)
  to   space 10752K, 0% used [0x00000000df380000,0x00000000df380000,0x00000000dfe00000)
 ParOldGen       total 55296K, used 18636K [0x0000000080000000, 0x0000000083600000, 0x00000000d5580000)
  object space 55296K, 33% used [0x0000000080000000,0x00000000812333d0,0x0000000083600000)
 Metaspace       used 42969K, capacity 44580K, committed 44968K, reserved 1087488K
  class space    used 5819K, capacity 6215K, committed 6312K, reserved 1048576K
}
Event: 11.902 GC heap before
{Heap before GC invocations=16 (full 2):
 PSYoungGen      total 125952K, used 125924K [0x00000000d5580000, 0x00000000dfe00000, 0x0000000100000000)
  eden space 117248K, 100% used [0x00000000d5580000,0x00000000dc800000,0x00000000dc800000)
  from space 8704K, 99% used [0x00000000dc800000,0x00000000dd079170,0x00000000dd080000)
  to   space 10752K, 0% used [0x00000000df380000,0x00000000df380000,0x00000000dfe00000)
 ParOldGen       total 55296K, used 18636K [0x0000000080000000, 0x0000000083600000, 0x00000000d5580000)
  object space 55296K, 33% used [0x0000000080000000,0x00000000812333d0,0x0000000083600000)
 Metaspace       used 51564K, capacity 53412K, committed 53544K, reserved 1095680K
  class space    used 6925K, capacity 7364K, committed 7464K, reserved 1048576K
Event: 11.929 GC heap after
Heap after GC invocations=16 (full 2):
 PSYoungGen      total 157184K, used 10736K [0x00000000d5580000, 0x00000000e0600000, 0x0000000100000000)
  eden space 146432K, 0% used [0x00000000d5580000,0x00000000d5580000,0x00000000de480000)
  from space 10752K, 99% used [0x00000000df380000,0x00000000dfdfc110,0x00000000dfe00000)
  to   space 15360K, 0% used [0x00000000de480000,0x00000000de480000,0x00000000df380000)
 ParOldGen       total 55296K, used 26269K [0x0000000080000000, 0x0000000083600000, 0x00000000d5580000)
  object space 55296K, 47% used [0x0000000080000000,0x00000000819a74e8,0x0000000083600000)
 Metaspace       used 51564K, capacity 53412K, committed 53544K, reserved 1095680K
  class space    used 6925K, capacity 7364K, committed 7464K, reserved 1048576K
}

