# JRE version: OpenJDK Runtime Environment (8.0_242-b01) (build 1.8.0_242-release-1644-b01)
# Java VM: OpenJDK 64-Bit Server VM (25.242-b01 mixed mode windows-amd64 compressed oops)
Heap:
 PSYoungGen      total 143872K, used 64992K [0x00000000d5580000, 0x00000000e2480000, 0x0000000100000000)
  eden space 129024K, 38% used [0x00000000d5580000,0x00000000d8678f50,0x00000000dd380000)
  from space 14848K, 99% used [0x00000000e1600000,0x00000000e247f2b8,0x00000000e2480000)
  to   space 9728K, 0% used [0x00000000dd380000,0x00000000dd380000,0x00000000ddd00000)
 ParOldGen       total 44544K, used 25256K [0x0000000080000000, 0x0000000082b80000, 0x00000000d5580000)
  object space 44544K, 56% used [0x0000000080000000,0x00000000818aa398,0x0000000082b80000)
 Metaspace       used 55720K, capacity 57762K, committed 57768K, reserved 1099776K
  class space    used 7617K, capacity 8103K, committed 8104K, reserved 1048576K
GC Heap History (10 events):
Event: 5.833 GC heap before
{Heap before GC invocations=10 (full 1):
 PSYoungGen      total 138752K, used 129024K [0x00000000d5580000, 0x00000000de680000, 0x0000000100000000)
  eden space 129024K, 100% used [0x00000000d5580000,0x00000000dd380000,0x00000000dd380000)
  from space 9728K, 0% used [0x00000000ddd00000,0x00000000ddd00000,0x00000000de680000)
  to   space 9728K, 0% used [0x00000000dd380000,0x00000000dd380000,0x00000000ddd00000)
 ParOldGen       total 29696K, used 7188K [0x0000000080000000, 0x0000000081d00000, 0x00000000d5580000)
  object space 29696K, 24% used [0x0000000080000000,0x0000000080705058,0x0000000081d00000)
 Metaspace       used 32165K, capacity 33062K, committed 33328K, reserved 1077248K
  class space    used 4351K, capacity 4624K, committed 4656K, reserved 1048576K
Event: 5.860 GC heap after
Heap after GC invocations=10 (full 1):
 PSYoungGen      total 138752K, used 9718K [0x00000000d5580000, 0x00000000de680000, 0x0000000100000000)
  eden space 129024K, 0% used [0x00000000d5580000,0x00000000d5580000,0x00000000dd380000)
  from space 9728K, 99% used [0x00000000dd380000,0x00000000ddcfd938,0x00000000ddd00000)
  to   space 9728K, 0% used [0x00000000ddd00000,0x00000000ddd00000,0x00000000de680000)
 ParOldGen       total 29696K, used 10399K [0x0000000080000000, 0x0000000081d00000, 0x00000000d5580000)
  object space 29696K, 35% used [0x0000000080000000,0x0000000080a27ea8,0x0000000081d00000)
 Metaspace       used 32165K, capacity 33062K, committed 33328K, reserved 1077248K
  class space    used 4351K, capacity 4624K, committed 4656K, reserved 1048576K
}
Event: 6.611 GC heap before
{Heap before GC invocations=11 (full 1):
 PSYoungGen      total 138752K, used 54143K [0x00000000d5580000, 0x00000000de680000, 0x0000000100000000)
  eden space 129024K, 34% used [0x00000000d5580000,0x00000000d80e2558,0x00000000dd380000)
  from space 9728K, 99% used [0x00000000dd380000,0x00000000ddcfd938,0x00000000ddd00000)
  to   space 9728K, 0% used [0x00000000ddd00000,0x00000000ddd00000,0x00000000de680000)
 ParOldGen       total 29696K, used 10399K [0x0000000080000000, 0x0000000081d00000, 0x00000000d5580000)
  object space 29696K, 35% used [0x0000000080000000,0x0000000080a27ea8,0x0000000081d00000)
 Metaspace       used 34414K, capacity 35386K, committed 35496K, reserved 1079296K
  class space    used 4678K, capacity 4942K, committed 5032K, reserved 1048576K
Event: 6.631 GC heap after
Heap after GC invocations=11 (full 1):
 PSYoungGen      total 138752K, used 9709K [0x00000000d5580000, 0x00000000de680000, 0x0000000100000000)
  eden space 129024K, 0% used [0x00000000d5580000,0x00000000d5580000,0x00000000dd380000)
  from space 9728K, 99% used [0x00000000ddd00000,0x00000000de67b4b8,0x00000000de680000)
  to   space 9728K, 0% used [0x00000000dd380000,0x00000000dd380000,0x00000000ddd00000)
 ParOldGen       total 29696K, used 10415K [0x0000000080000000, 0x0000000081d00000, 0x00000000d5580000)
  object space 29696K, 35% used [0x0000000080000000,0x0000000080a2bea8,0x0000000081d00000)
 Metaspace       used 34414K, capacity 35386K, committed 35496K, reserved 1079296K
  class space    used 4678K, capacity 4942K, committed 5032K, reserved 1048576K
}
Event: 6.631 GC heap before
{Heap before GC invocations=12 (full 2):
 PSYoungGen      total 138752K, used 9709K [0x00000000d5580000, 0x00000000de680000, 0x0000000100000000)
  eden space 129024K, 0% used [0x00000000d5580000,0x00000000d5580000,0x00000000dd380000)
  from space 9728K, 99% used [0x00000000ddd00000,0x00000000de67b4b8,0x00000000de680000)
  to   space 9728K, 0% used [0x00000000dd380000,0x00000000dd380000,0x00000000ddd00000)
 ParOldGen       total 29696K, used 10415K [0x0000000080000000, 0x0000000081d00000, 0x00000000d5580000)
  object space 29696K, 35% used [0x0000000080000000,0x0000000080a2bea8,0x0000000081d00000)
 Metaspace       used 34414K, capacity 35386K, committed 35496K, reserved 1079296K
  class space    used 4678K, capacity 4942K, committed 5032K, reserved 1048576K
Event: 6.720 GC heap after
Heap after GC invocations=12 (full 2):
 PSYoungGen      total 138752K, used 0K [0x00000000d5580000, 0x00000000de680000, 0x0000000100000000)
  eden space 129024K, 0% used [0x00000000d5580000,0x00000000d5580000,0x00000000dd380000)
  from space 9728K, 0% used [0x00000000ddd00000,0x00000000ddd00000,0x00000000de680000)
  to   space 9728K, 0% used [0x00000000dd380000,0x00000000dd380000,0x00000000ddd00000)
 ParOldGen       total 44544K, used 16684K [0x0000000080000000, 0x0000000082b80000, 0x00000000d5580000)
  object space 44544K, 37% used [0x0000000080000000,0x000000008104b0b0,0x0000000082b80000)
 Metaspace       used 34414K, capacity 35386K, committed 35496K, reserved 1079296K
  class space    used 4678K, capacity 4942K, committed 5032K, reserved 1048576K
}
Event: 8.727 GC heap before
{Heap before GC invocations=13 (full 2):
 PSYoungGen      total 138752K, used 129024K [0x00000000d5580000, 0x00000000de680000, 0x0000000100000000)
  eden space 129024K, 100% used [0x00000000d5580000,0x00000000dd380000,0x00000000dd380000)
  from space 9728K, 0% used [0x00000000ddd00000,0x00000000ddd00000,0x00000000de680000)
  to   space 9728K, 0% used [0x00000000dd380000,0x00000000dd380000,0x00000000ddd00000)
 ParOldGen       total 44544K, used 16684K [0x0000000080000000, 0x0000000082b80000, 0x00000000d5580000)
  object space 44544K, 37% used [0x0000000080000000,0x000000008104b0b0,0x0000000082b80000)
 Metaspace       used 43872K, capacity 45512K, committed 45864K, reserved 1089536K
  class space    used 5940K, capacity 6345K, committed 6440K, reserved 1048576K
Event: 8.740 GC heap after
Heap after GC invocations=13 (full 2):
 PSYoungGen      total 138752K, used 9716K [0x00000000d5580000, 0x00000000e2480000, 0x0000000100000000)
  eden space 129024K, 0% used [0x00000000d5580000,0x00000000d5580000,0x00000000dd380000)
  from space 9728K, 99% used [0x00000000dd380000,0x00000000ddcfd1c0,0x00000000ddd00000)
  to   space 14848K, 0% used [0x00000000e1600000,0x00000000e1600000,0x00000000e2480000)
 ParOldGen       total 44544K, used 19340K [0x0000000080000000, 0x0000000082b80000, 0x00000000d5580000)
  object space 44544K, 43% used [0x0000000080000000,0x00000000812e33a8,0x0000000082b80000)
 Metaspace       used 43872K, capacity 45512K, committed 45864K, reserved 1089536K
  class space    used 5940K, capacity 6345K, committed 6440K, reserved 1048576K
}
Event: 14.507 GC heap before
{Heap before GC invocations=14 (full 2):
 PSYoungGen      total 138752K, used 138740K [0x00000000d5580000, 0x00000000e2480000, 0x0000000100000000)
  eden space 129024K, 100% used [0x00000000d5580000,0x00000000dd380000,0x00000000dd380000)
  from space 9728K, 99% used [0x00000000dd380000,0x00000000ddcfd1c0,0x00000000ddd00000)
  to   space 14848K, 0% used [0x00000000e1600000,0x00000000e1600000,0x00000000e2480000)
 ParOldGen       total 44544K, used 19340K [0x0000000080000000, 0x0000000082b80000, 0x00000000d5580000)
  object space 44544K, 43% used [0x0000000080000000,0x00000000812e33a8,0x0000000082b80000)
 Metaspace       used 54182K, capacity 56264K, committed 56488K, reserved 1097728K
  class space    used 7365K, capacity 7848K, committed 7848K, reserved 1048576K
Event: 14.543 GC heap after
Heap after GC invocations=14 (full 2):
 PSYoungGen      total 143872K, used 14844K [0x00000000d5580000, 0x00000000e2480000, 0x0000000100000000)
  eden space 129024K, 0% used [0x00000000d5580000,0x00000000d5580000,0x00000000dd380000)
  from space 14848K, 99% used [0x00000000e1600000,0x00000000e247f2b8,0x00000000e2480000)
  to   space 9728K, 0% used [0x00000000dd380000,0x00000000dd380000,0x00000000ddd00000)
 ParOldGen       total 44544K, used 25256K [0x0000000080000000, 0x0000000082b80000, 0x00000000d5580000)
  object space 44544K, 56% used [0x0000000080000000,0x00000000818aa398,0x0000000082b80000)
 Metaspace       used 54182K, capacity 56264K, committed 56488K, reserved 1097728K
  class space    used 7365K, capacity 7848K, committed 7848K, reserved 1048576K
}

