# JRE version: OpenJDK Runtime Environment (8.0_242-b01) (build 1.8.0_242-release-1644-b01)
# Java VM: OpenJDK 64-Bit Server VM (25.242-b01 mixed mode windows-amd64 compressed oops)
Heap:
 PSYoungGen      total 138752K, used 28366K [0x00000000d5580000, 0x00000000de680000, 0x0000000100000000)
  eden space 129024K, 21% used [0x00000000d5580000,0x00000000d7133948,0x00000000dd380000)
  from space 9728K, 0% used [0x00000000dd380000,0x00000000dd380000,0x00000000ddd00000)
  to   space 9728K, 0% used [0x00000000ddd00000,0x00000000ddd00000,0x00000000de680000)
 ParOldGen       total 44032K, used 32964K [0x0000000080000000, 0x0000000082b00000, 0x00000000d5580000)
  object space 44032K, 74% used [0x0000000080000000,0x0000000082031098,0x0000000082b00000)
 Metaspace       used 58106K, capacity 60250K, committed 60440K, reserved 1101824K
  class space    used 7948K, capacity 8448K, committed 8488K, reserved 1048576K
GC Heap History (10 events):
Event: 7.310 GC heap before
{Heap before GC invocations=12 (full 2):
 PSYoungGen      total 138752K, used 9696K [0x00000000d5580000, 0x00000000de680000, 0x0000000100000000)
  eden space 129024K, 0% used [0x00000000d5580000,0x00000000d5580000,0x00000000dd380000)
  from space 9728K, 99% used [0x00000000ddd00000,0x00000000de6782e8,0x00000000de680000)
  to   space 9728K, 0% used [0x00000000dd380000,0x00000000dd380000,0x00000000ddd00000)
 ParOldGen       total 29696K, used 10589K [0x0000000080000000, 0x0000000081d00000, 0x00000000d5580000)
  object space 29696K, 35% used [0x0000000080000000,0x0000000080a57670,0x0000000081d00000)
 Metaspace       used 34350K, capacity 35386K, committed 35496K, reserved 1079296K
  class space    used 4678K, capacity 4942K, committed 5032K, reserved 1048576K
Event: 7.397 GC heap after
Heap after GC invocations=12 (full 2):
 PSYoungGen      total 138752K, used 0K [0x00000000d5580000, 0x00000000de680000, 0x0000000100000000)
  eden space 129024K, 0% used [0x00000000d5580000,0x00000000d5580000,0x00000000dd380000)
  from space 9728K, 0% used [0x00000000ddd00000,0x00000000ddd00000,0x00000000de680000)
  to   space 9728K, 0% used [0x00000000dd380000,0x00000000dd380000,0x00000000ddd00000)
 ParOldGen       total 44032K, used 16668K [0x0000000080000000, 0x0000000082b00000, 0x00000000d5580000)
  object space 44032K, 37% used [0x0000000080000000,0x0000000081047040,0x0000000082b00000)
 Metaspace       used 34350K, capacity 35386K, committed 35496K, reserved 1079296K
  class space    used 4678K, capacity 4942K, committed 5032K, reserved 1048576K
}
Event: 17.758 GC heap before
{Heap before GC invocations=13 (full 2):
 PSYoungGen      total 138752K, used 129024K [0x00000000d5580000, 0x00000000de680000, 0x0000000100000000)
  eden space 129024K, 100% used [0x00000000d5580000,0x00000000dd380000,0x00000000dd380000)
  from space 9728K, 0% used [0x00000000ddd00000,0x00000000ddd00000,0x00000000de680000)
  to   space 9728K, 0% used [0x00000000dd380000,0x00000000dd380000,0x00000000ddd00000)
 ParOldGen       total 44032K, used 16668K [0x0000000080000000, 0x0000000082b00000, 0x00000000d5580000)
  object space 44032K, 37% used [0x0000000080000000,0x0000000081047040,0x0000000082b00000)
 Metaspace       used 44001K, capacity 45588K, committed 45864K, reserved 1089536K
  class space    used 5960K, capacity 6347K, committed 6440K, reserved 1048576K
Event: 17.774 GC heap after
Heap after GC invocations=13 (full 2):
 PSYoungGen      total 138752K, used 9716K [0x00000000d5580000, 0x00000000de680000, 0x0000000100000000)
  eden space 129024K, 0% used [0x00000000d5580000,0x00000000d5580000,0x00000000dd380000)
  from space 9728K, 99% used [0x00000000dd380000,0x00000000ddcfd1c0,0x00000000ddd00000)
  to   space 9728K, 0% used [0x00000000ddd00000,0x00000000ddd00000,0x00000000de680000)
 ParOldGen       total 44032K, used 19426K [0x0000000080000000, 0x0000000082b00000, 0x00000000d5580000)
  object space 44032K, 44% used [0x0000000080000000,0x00000000812f8b50,0x0000000082b00000)
 Metaspace       used 44001K, capacity 45588K, committed 45864K, reserved 1089536K
  class space    used 5960K, capacity 6347K, committed 6440K, reserved 1048576K
}
Event: 22.735 GC heap before
{Heap before GC invocations=14 (full 2):
 PSYoungGen      total 138752K, used 138740K [0x00000000d5580000, 0x00000000de680000, 0x0000000100000000)
  eden space 129024K, 100% used [0x00000000d5580000,0x00000000dd380000,0x00000000dd380000)
  from space 9728K, 99% used [0x00000000dd380000,0x00000000ddcfd1c0,0x00000000ddd00000)
  to   space 9728K, 0% used [0x00000000ddd00000,0x00000000ddd00000,0x00000000de680000)
 ParOldGen       total 44032K, used 19426K [0x0000000080000000, 0x0000000082b00000, 0x00000000d5580000)
  object space 44032K, 44% used [0x0000000080000000,0x00000000812f8b50,0x0000000082b00000)
 Metaspace       used 54503K, capacity 56630K, committed 56872K, reserved 1097728K
  class space    used 7411K, capacity 7925K, committed 7976K, reserved 1048576K
Event: 22.763 GC heap after
Heap after GC invocations=14 (full 2):
 PSYoungGen      total 138752K, used 9726K [0x00000000d5580000, 0x00000000de680000, 0x0000000100000000)
  eden space 129024K, 0% used [0x00000000d5580000,0x00000000d5580000,0x00000000dd380000)
  from space 9728K, 99% used [0x00000000ddd00000,0x00000000de67f9b0,0x00000000de680000)
  to   space 9728K, 0% used [0x00000000dd380000,0x00000000dd380000,0x00000000ddd00000)
 ParOldGen       total 44032K, used 30673K [0x0000000080000000, 0x0000000082b00000, 0x00000000d5580000)
  object space 44032K, 69% used [0x0000000080000000,0x0000000081df44d0,0x0000000082b00000)
 Metaspace       used 54503K, capacity 56630K, committed 56872K, reserved 1097728K
  class space    used 7411K, capacity 7925K, committed 7976K, reserved 1048576K
}
Event: 24.459 GC heap before
{Heap before GC invocations=15 (full 2):
 PSYoungGen      total 138752K, used 69306K [0x00000000d5580000, 0x00000000de680000, 0x0000000100000000)
  eden space 129024K, 46% used [0x00000000d5580000,0x00000000d8faee50,0x00000000dd380000)
  from space 9728K, 99% used [0x00000000ddd00000,0x00000000de67f9b0,0x00000000de680000)
  to   space 9728K, 0% used [0x00000000dd380000,0x00000000dd380000,0x00000000ddd00000)
 ParOldGen       total 44032K, used 30673K [0x0000000080000000, 0x0000000082b00000, 0x00000000d5580000)
  object space 44032K, 69% used [0x0000000080000000,0x0000000081df44d0,0x0000000082b00000)
 Metaspace       used 56902K, capacity 58904K, committed 59160K, reserved 1099776K
  class space    used 7771K, capacity 8221K, committed 8232K, reserved 1048576K
Event: 24.475 GC heap after
Heap after GC invocations=15 (full 2):
 PSYoungGen      total 138752K, used 4590K [0x00000000d5580000, 0x00000000de680000, 0x0000000100000000)
  eden space 129024K, 0% used [0x00000000d5580000,0x00000000d5580000,0x00000000dd380000)
  from space 9728K, 47% used [0x00000000dd380000,0x00000000dd7fbbc0,0x00000000ddd00000)
  to   space 9728K, 0% used [0x00000000ddd00000,0x00000000ddd00000,0x00000000de680000)
 ParOldGen       total 44032K, used 39809K [0x0000000080000000, 0x0000000082b00000, 0x00000000d5580000)
  object space 44032K, 90% used [0x0000000080000000,0x00000000826e0570,0x0000000082b00000)
 Metaspace       used 56902K, capacity 58904K, committed 59160K, reserved 1099776K
  class space    used 7771K, capacity 8221K, committed 8232K, reserved 1048576K
}
Event: 24.475 GC heap before
{Heap before GC invocations=16 (full 3):
 PSYoungGen      total 138752K, used 4590K [0x00000000d5580000, 0x00000000de680000, 0x0000000100000000)
  eden space 129024K, 0% used [0x00000000d5580000,0x00000000d5580000,0x00000000dd380000)
  from space 9728K, 47% used [0x00000000dd380000,0x00000000dd7fbbc0,0x00000000ddd00000)
  to   space 9728K, 0% used [0x00000000ddd00000,0x00000000ddd00000,0x00000000de680000)
 ParOldGen       total 44032K, used 39809K [0x0000000080000000, 0x0000000082b00000, 0x00000000d5580000)
  object space 44032K, 90% used [0x0000000080000000,0x00000000826e0570,0x0000000082b00000)
 Metaspace       used 56902K, capacity 58904K, committed 59160K, reserved 1099776K
  class space    used 7771K, capacity 8221K, committed 8232K, reserved 1048576K
Event: 24.739 GC heap after
Heap after GC invocations=16 (full 3):
 PSYoungGen      total 138752K, used 0K [0x00000000d5580000, 0x00000000de680000, 0x0000000100000000)
  eden space 129024K, 0% used [0x00000000d5580000,0x00000000d5580000,0x00000000dd380000)
  from space 9728K, 0% used [0x00000000dd380000,0x00000000dd380000,0x00000000ddd00000)
  to   space 9728K, 0% used [0x00000000ddd00000,0x00000000ddd00000,0x00000000de680000)
 ParOldGen       total 44032K, used 32964K [0x0000000080000000, 0x0000000082b00000, 0x00000000d5580000)
  object space 44032K, 74% used [0x0000000080000000,0x0000000082031098,0x0000000082b00000)
 Metaspace       used 56893K, capacity 58874K, committed 59160K, reserved 1099776K
  class space    used 7768K, capacity 8216K, committed 8232K, reserved 1048576K
}

