# JRE version: OpenJDK Runtime Environment (8.0_242-b01) (build 1.8.0_242-release-1644-b01)
# Java VM: OpenJDK 64-Bit Server VM (25.242-b01 mixed mode windows-amd64 compressed oops)
Heap:
 PSYoungGen      total 221184K, used 99438K [0x00000000d5580000, 0x00000000e4680000, 0x0000000100000000)
  eden space 207872K, 47% used [0x00000000d5580000,0x00000000db69bb98,0x00000000e2080000)
  from space 13312K, 0% used [0x00000000e2d00000,0x00000000e2d00000,0x00000000e3a00000)
  to   space 12800K, 0% used [0x00000000e2080000,0x00000000e2080000,0x00000000e2d00000)
 ParOldGen       total 51712K, used 14111K [0x0000000080000000, 0x0000000083280000, 0x00000000d5580000)
  object space 51712K, 27% used [0x0000000080000000,0x0000000080dc7ff0,0x0000000083280000)
 Metaspace       used 38775K, capacity 40010K, committed 40112K, reserved 1083392K
  class space    used 5215K, capacity 5530K, committed 5552K, reserved 1048576K
GC Heap History (10 events):
Event: 6.412 GC heap before
{Heap before GC invocations=6 (full 0):
 PSYoungGen      total 68096K, used 36958K [0x00000000d5580000, 0x00000000de880000, 0x0000000100000000)
  eden space 65536K, 52% used [0x00000000d5580000,0x00000000d771b808,0x00000000d9580000)
  from space 2560K, 99% used [0x00000000d9580000,0x00000000d97fc010,0x00000000d9800000)
  to   space 9728K, 0% used [0x00000000ddf00000,0x00000000ddf00000,0x00000000de880000)
 ParOldGen       total 44032K, used 12177K [0x0000000080000000, 0x0000000082b00000, 0x00000000d5580000)
  object space 44032K, 27% used [0x0000000080000000,0x0000000080be4478,0x0000000082b00000)
 Metaspace       used 20543K, capacity 21214K, committed 21296K, reserved 1067008K
  class space    used 2885K, capacity 3093K, committed 3120K, reserved 1048576K
Event: 6.420 GC heap after
Heap after GC invocations=6 (full 0):
 PSYoungGen      total 140800K, used 6038K [0x00000000d5580000, 0x00000000de880000, 0x0000000100000000)
  eden space 131072K, 0% used [0x00000000d5580000,0x00000000d5580000,0x00000000dd580000)
  from space 9728K, 62% used [0x00000000ddf00000,0x00000000de4e5800,0x00000000de880000)
  to   space 9728K, 0% used [0x00000000dd580000,0x00000000dd580000,0x00000000ddf00000)
 ParOldGen       total 44032K, used 12185K [0x0000000080000000, 0x0000000082b00000, 0x00000000d5580000)
  object space 44032K, 27% used [0x0000000080000000,0x0000000080be6478,0x0000000082b00000)
 Metaspace       used 20543K, capacity 21214K, committed 21296K, reserved 1067008K
  class space    used 2885K, capacity 3093K, committed 3120K, reserved 1048576K
}
Event: 6.420 GC heap before
{Heap before GC invocations=7 (full 1):
 PSYoungGen      total 140800K, used 6038K [0x00000000d5580000, 0x00000000de880000, 0x0000000100000000)
  eden space 131072K, 0% used [0x00000000d5580000,0x00000000d5580000,0x00000000dd580000)
  from space 9728K, 62% used [0x00000000ddf00000,0x00000000de4e5800,0x00000000de880000)
  to   space 9728K, 0% used [0x00000000dd580000,0x00000000dd580000,0x00000000ddf00000)
 ParOldGen       total 44032K, used 12185K [0x0000000080000000, 0x0000000082b00000, 0x00000000d5580000)
  object space 44032K, 27% used [0x0000000080000000,0x0000000080be6478,0x0000000082b00000)
 Metaspace       used 20543K, capacity 21214K, committed 21296K, reserved 1067008K
  class space    used 2885K, capacity 3093K, committed 3120K, reserved 1048576K
Event: 6.487 GC heap after
Heap after GC invocations=7 (full 1):
 PSYoungGen      total 140800K, used 0K [0x00000000d5580000, 0x00000000de880000, 0x0000000100000000)
  eden space 131072K, 0% used [0x00000000d5580000,0x00000000d5580000,0x00000000dd580000)
  from space 9728K, 0% used [0x00000000ddf00000,0x00000000ddf00000,0x00000000de880000)
  to   space 9728K, 0% used [0x00000000dd580000,0x00000000dd580000,0x00000000ddf00000)
 ParOldGen       total 38912K, used 9264K [0x0000000080000000, 0x0000000082600000, 0x00000000d5580000)
  object space 38912K, 23% used [0x0000000080000000,0x000000008090c0b0,0x0000000082600000)
 Metaspace       used 20543K, capacity 21214K, committed 21296K, reserved 1067008K
  class space    used 2885K, capacity 3093K, committed 3120K, reserved 1048576K
}
Event: 10.478 GC heap before
{Heap before GC invocations=8 (full 1):
 PSYoungGen      total 140800K, used 131072K [0x00000000d5580000, 0x00000000de880000, 0x0000000100000000)
  eden space 131072K, 100% used [0x00000000d5580000,0x00000000dd580000,0x00000000dd580000)
  from space 9728K, 0% used [0x00000000ddf00000,0x00000000ddf00000,0x00000000de880000)
  to   space 9728K, 0% used [0x00000000dd580000,0x00000000dd580000,0x00000000ddf00000)
 ParOldGen       total 38912K, used 9264K [0x0000000080000000, 0x0000000082600000, 0x00000000d5580000)
  object space 38912K, 23% used [0x0000000080000000,0x000000008090c0b0,0x0000000082600000)
 Metaspace       used 33480K, capacity 34334K, committed 34480K, reserved 1079296K
  class space    used 4470K, capacity 4736K, committed 4784K, reserved 1048576K
Event: 10.498 GC heap after
Heap after GC invocations=8 (full 1):
 PSYoungGen      total 140800K, used 9724K [0x00000000d5580000, 0x00000000e3a00000, 0x0000000100000000)
  eden space 131072K, 0% used [0x00000000d5580000,0x00000000d5580000,0x00000000dd580000)
  from space 9728K, 99% used [0x00000000dd580000,0x00000000ddeff280,0x00000000ddf00000)
  to   space 13312K, 0% used [0x00000000e2d00000,0x00000000e2d00000,0x00000000e3a00000)
 ParOldGen       total 38912K, used 13345K [0x0000000080000000, 0x0000000082600000, 0x00000000d5580000)
  object space 38912K, 34% used [0x0000000080000000,0x0000000080d084a8,0x0000000082600000)
 Metaspace       used 33480K, capacity 34334K, committed 34480K, reserved 1079296K
  class space    used 4470K, capacity 4736K, committed 4784K, reserved 1048576K
}
Event: 10.726 GC heap before
{Heap before GC invocations=9 (full 1):
 PSYoungGen      total 140800K, used 17890K [0x00000000d5580000, 0x00000000e3a00000, 0x0000000100000000)
  eden space 131072K, 6% used [0x00000000d5580000,0x00000000d5d798e0,0x00000000dd580000)
  from space 9728K, 99% used [0x00000000dd580000,0x00000000ddeff280,0x00000000ddf00000)
  to   space 13312K, 0% used [0x00000000e2d00000,0x00000000e2d00000,0x00000000e3a00000)
 ParOldGen       total 38912K, used 13345K [0x0000000080000000, 0x0000000082600000, 0x00000000d5580000)
  object space 38912K, 34% used [0x0000000080000000,0x0000000080d084a8,0x0000000082600000)
 Metaspace       used 34469K, capacity 35338K, committed 35496K, reserved 1079296K
  class space    used 4568K, capacity 4834K, committed 4912K, reserved 1048576K
Event: 10.738 GC heap after
Heap after GC invocations=9 (full 1):
 PSYoungGen      total 221184K, used 7113K [0x00000000d5580000, 0x00000000e4680000, 0x0000000100000000)
  eden space 207872K, 0% used [0x00000000d5580000,0x00000000d5580000,0x00000000e2080000)
  from space 13312K, 53% used [0x00000000e2d00000,0x00000000e33f25a0,0x00000000e3a00000)
  to   space 12800K, 0% used [0x00000000e2080000,0x00000000e2080000,0x00000000e2d00000)
 ParOldGen       total 38912K, used 13353K [0x0000000080000000, 0x0000000082600000, 0x00000000d5580000)
  object space 38912K, 34% used [0x0000000080000000,0x0000000080d0a4a8,0x0000000082600000)
 Metaspace       used 34469K, capacity 35338K, committed 35496K, reserved 1079296K
  class space    used 4568K, capacity 4834K, committed 4912K, reserved 1048576K
}
Event: 10.738 GC heap before
{Heap before GC invocations=10 (full 2):
 PSYoungGen      total 221184K, used 7113K [0x00000000d5580000, 0x00000000e4680000, 0x0000000100000000)
  eden space 207872K, 0% used [0x00000000d5580000,0x00000000d5580000,0x00000000e2080000)
  from space 13312K, 53% used [0x00000000e2d00000,0x00000000e33f25a0,0x00000000e3a00000)
  to   space 12800K, 0% used [0x00000000e2080000,0x00000000e2080000,0x00000000e2d00000)
 ParOldGen       total 38912K, used 13353K [0x0000000080000000, 0x0000000082600000, 0x00000000d5580000)
  object space 38912K, 34% used [0x0000000080000000,0x0000000080d0a4a8,0x0000000082600000)
 Metaspace       used 34469K, capacity 35338K, committed 35496K, reserved 1079296K
  class space    used 4568K, capacity 4834K, committed 4912K, reserved 1048576K
Event: 10.789 GC heap after
Heap after GC invocations=10 (full 2):
 PSYoungGen      total 221184K, used 0K [0x00000000d5580000, 0x00000000e4680000, 0x0000000100000000)
  eden space 207872K, 0% used [0x00000000d5580000,0x00000000d5580000,0x00000000e2080000)
  from space 13312K, 0% used [0x00000000e2d00000,0x00000000e2d00000,0x00000000e3a00000)
  to   space 12800K, 0% used [0x00000000e2080000,0x00000000e2080000,0x00000000e2d00000)
 ParOldGen       total 51712K, used 14111K [0x0000000080000000, 0x0000000083280000, 0x00000000d5580000)
  object space 51712K, 27% used [0x0000000080000000,0x0000000080dc7ff0,0x0000000083280000)
 Metaspace       used 34469K, capacity 35338K, committed 35496K, reserved 1079296K
  class space    used 4568K, capacity 4834K, committed 4912K, reserved 1048576K
}

